                            M               M
                            W               W
                          MMMMM           MMMMM
                          WWWWW           WWWWW
                        MMMMMMMMM       MMMMMMMMM
                        WWWWWWWWW       WWWWWWWWW
                      MMMMMMMMMMMMM   MMMMMMMMMMMMM
                      WWWWWWWWWWWWW   WWWWWWWWWWWWW
                    MMMMMMMMMMMMMMMMMMMMMMMMMMMMMMMMM
                    WWWWWWWWWWWWWWWWWWWWWWWWWWWWWWWWW
                    MMMMMMMM MMMMMMMMMMMMMMM MMMMMMMM
                    WWWWWWWW WWWWWWWWWWWWWWW WWWWWWWW
                    MMMMMM     MMMMMMMMMMM     MMMMMM
                    WWWWWW     WWWWWWWWWWW     WWWWWW
                    MMMM         MMMMMMM         MMMM
                    WWWW         WWWWWWW         WWWW
                    MM             MMM             MM
                    WW             WWW             WW
                    M               M               M
                    W               W               W
                    MM             MMM             MM
                    WW             WWW             WW
                    MMMM         MMMMMMM         MMMM
                    WWWW         WWWWWWW         WWWW
                    MMMMMM     MMMMMMMMMMM     MMMMMM
                    WWWWWW     WWWWWWWWWWW     WWWWWW
                    MMMMMMMM MMMMMMMMMMMMMMM MMMMMMMM
                    WWWWWWWW WWWWWWWWWWWWWWW WWWWWWWW
                    MMMMMMMMMMMMMMMMMMMMMMMMMMMMMMMMM
                    WWWWWWWWWWWWWWWWWWWWWWWWWWWWWWWWW
                      MMMMMMMMMMMMM   MMMMMMMMMMMMM
                      WWWWWWWWWWWWW   WWWWWWWWWWWWW
                        MMMMMMMMM       MMMMMMMMM
                        WWWWWWWWW       WWWWWWWWW
                          MMMMM           MMMMM
                          WWWWW           WWWWW
                            M               M
                            W               W

             version: Marc 2020, build 743940 (2020/07/14)

             machine type: WINDOWS

             integer*8 version: integers are 64-bits

             date: Sat Jun 29 17:25:19 2024


             (c) COPYRIGHT 2020 MSC Software Corporation, all rights reserved

                    Marc - W i n d o w s       

                     i n p u t   d a t a


                p a g e          1

                             10        20        30        40        50        60        70        80        90       100       110       120       130       140       150       160
                     ----------------------------------------------------------------------------------------------------------------------------------------------------------------
                     title               my_linear_job1
                     $....MARC input file produced by Marc Mentat 2020 (64bit)
                     $...................................
                     $....input file using extended precision
    card         5   extended
                     $...................................
                     sizing                                 0         8        18         0
                     alloc                       25
                     elements                   114
    card        10   version                     15         2         0         0
                     table                        0         0         2         1         1         0         0         1
                     processor                    1         1         1         0
                     ----------------------------------------------------------------------------------------------------------------------------------------------------------------
                             10        20        30        40        50        60        70        80        90       100       110       120       130       140       150       160
                     ----------------------------------------------------------------------------------------------------------------------------------------------------------------
                     ----------------------------------------------------------------------------------------------------------------------------------------------------------------
1
             general memory increasing from      25 MByte to     106 MByte


             memory increased to        28003864 words during 
             pre-reading of sets



             allocated          2 words of memory due to tables


   MSC Customer Entitlement ID
        71016C3C-476D6A9E



                    *************************************************
                    *************************************************

                     program sizing and options requested as follows



                     element type requested*************************       114
                     number of elements in mesh*********************         8
                     number of nodes in mesh************************        18
                     load correction was suppressed*****************
                     elastic re-analysis flagged********************
                     values stored at all integration points********
                     tape no.for input of coordinates + connectivity         5
                     no.of different materials    1 max.no of slopes         5
                     number of points on shell section *************        11
                     new style input format will be used************
                     requested number of element threads************         1
                     requested number of solver threads*************         1
                     number of tables used *************************         1
                     assumed strain formulation is used ************
                     extended precision input is used ************** 
                     Marc input version ****************************        15
                     maximum number of boundary conditions *********         2
                     suppress echo of list items *******************
                     suppress echo of bc summary *******************
                     suppress echo of nurbs data *******************


                     end of parameters and sizing
                    *************************************************
                    *************************************************





                              key to stress, strain and displacement output



                                        element type       114


                              4-node isoparametric quadrilateral plane stress with   
                              hourglass control                                      

                              stresses and strains in global directions               
                                1=xx                                                  
                                2=yy                                                  
                                4=xy                                                  
                                                                                      
                              displacements in global directions                      
                                1=u global x direction                                
                                2=v global y direction                                

             allocated       2100 words of memory due to nodal vectors


             allocated         84 words of memory due to tables


             allocated        976 words of memory due to boundary conditions


             allocated         72 words of memory due to geometric points


             allocated         46 words of memory due to geometric curves


             allocated         26 words of memory due to geometric surfaces


             allocated         72 words of memory due to shell, user or contact transformations



             workspace needed for input and stiffness assembly:            6814


             internal core allocation parameters
             degrees of freedom per node (ndeg)  2
             max. number of coordinates per node  2
             max. nodes per element (nnodmx)  4
             max. invariants per int. points (neqst)  1
             max.stress components per int. point (nstrmx)   3
             strains per integration point (ngens)  3


             flag for element storage (ielsto)  0
             element data in core

             memory usage per element group
                group   # elements     nelsto      MByte            words
                  1            8         178           0              1424
                ----------------------------------------------------------
                total          8                       0              1424


                              internal element variables



                              internal element number         1  library code type  114
                              number of nodes=  4
                              stresses stored per integration point =  3
                              direct continuum components stored =  2
                              shear continuum components stored =  1
                              shell/beam flag = 0
                              curvilinear  coord. flag = 0
                              int.points for elem. stiffness  1
                              number of local inertia directions  2
                              int.point for print if all points not flagged  1
                              int. points for dist. surface loads (pressure)  2
                              library code type =   114
                              large disp. row counts     4    4    7



                              residual load correction is switched off



             $...................                                                                                                                                            

             solver                                                                                                                                                          
             ----------


             multifrontal direct sparse solver invoked

             optimize                    11                                                                                                                                  
             ----------



             metis nested dissection algorithm

             points                                                                                                                                                          
             ----------


             connectivity                                                                                                                                                    
             ----------

             geometry id =                   1
             material id =                   1

                meshr1,  iprnt
                      5      1
                elem no., type,        nodes

             coordinates                                                                                                                                                     
             ----------

             ncrd1 ,meshr1,iprnt
                    2         5         1
                   node      coordinates

             define              node                set                 fixed_nodes                                                                                         
             ----------

             a list of nodes given below 
                     1        10

             define              node                set                 tip_load_nodes                                                                                      
             ----------

             a list of nodes given below 
                    18

             attach node                                                                                                                                                     
             ----------


             allocated         32 words of memory due to attach options


             nodes attached to point             1
             a list of nodes given below 
                     1

             nodes attached to point             2
             a list of nodes given below 
                     9

             nodes attached to point             3
             a list of nodes given below 
                    18

             nodes attached to point             4
             a list of nodes given below 
                    10

             isotropic           structural                                                                                                                                  
             ----------


             isotropic material  material id =               1
              elastic    yield criteria
              isotropic  hardening rule

             material name is:       steel                   


                 structural  property                         value       table id


             Youngs modulus                              3.00000E+07              0
             Poissons ratio                              3.00000E-01              0
             mass density                                7.40000E-04              0
             shear modulus                               1.15385E+07              0
             coefficient of thermal expansion            0.00000E+00              0
             coefficient of diffusion expansion          0.00000E+00              0
             Yield stress                                1.00000E+20              0
             cost per unit volume                        0.00000E+00              0
             cost per unit mass                          0.00000E+00              0



             mat color                                                                                                                                                       
             ----------


             material id is:                  1
                material type      =          1
                material RGB color =        230         0         0

             table               force_table                                                                                                                                 
             ----------


             table identifier                  1
             table name is           force_table                     
             unit number                       5
             number of independent var.        1
             read independent variable, function pairs
             abscissa                  
             time                       
             number of data points             2
               extrapolation is used if independent variable is outside range
                   first    variable             function
                      1    0.00000E+00         0.00000E+00
                      2    1.00000E+00         1.00000E+00

             geometry                                                                                                                                                        
             ----------


             geometry name is:       beam_geom


             geometry id =                 1
             geometry RGB color =        230         0         0

             geometric parameter       value
                       1             1.00000E+00
                       2             0.00000E+00
                       3             1.00000E+00
                       4             0.00000E+00
                       5             0.00000E+00
                       6             0.00000E+00
                       7             0.00000E+00
                       8             0.00000E+00

             fixed disp                                                                                                                                                      
             ----------


             read data from unit    5

             name of boundary condition fixed

             Displacements are applied incrementally relative to current position

             Prescribed Displacement for dof  1 =      0.00000E+00  table id is        0

             Prescribed Displacement for dof  2 =      0.00000E+00  table id is        0

             applied to node ids       

             fixed_nodes

             point load                                                                                                                                                      
             ----------


             read data from unit    5

             name of boundary condition tip_load

             Prescribed Nodal Force    =      0.00000E+00  table id is        0

             Prescribed Nodal Force    =     -6.00000E+03  table id is        1

             applied to node ids       

             tip_load_nodes

             loadcase            my_linear_job1                                                                                                                              
             ----------


             activate boundary condition fixed

             activate boundary condition tip_load

             no print                                                                                                                                                        
             ----------


             post                                                                                                                                                            
             ----------

             binary post file will be used

             initial output frequency of post file:       1

             Marc 2017 style post file (default)

             maximum record length on binary post file=             18
             approximate no. of words per increment on file=             16


             parameters                                                                                                                                                      
             ----------


             parameters set as follows 

             predictor used for stress-strain calculation    1.00000E+00
             penalty factor for boundary conditions          1.00000E+09
             penalty for incompressibility - r-p flow        1.00000E+02
             penalty for incompressibility - fluid flow      1.00000E+06
             beta parameter for Newmark operator             2.50000E-01
             gamma parameter for Newmark operator            5.00000E-01
             gamma1 parameter for Single-Step-Houbolt        1.50000E+00
             gamma parameter for Single-Step-Houbolt        -5.00000E-01
             sharp angle for sticking/separating - 2D        8.62500E+00
             sharp angle for sticking/separating - 3D        2.00000E+01
             initial strain rate for r-p flow                1.00000E-04
             lowest strain rate cut-off for r-p flow         1.00000E-06
             fraction of dilatational stress neglected       1.00000E+00
             factor for drilling d.o.f for shells            1.00000E-04
             factor for displacement after rezoning          1.00000E+00

             universal gas constant                          8.31400E+00
             absolute temperature offset                     2.73150E+02
             thermal properties evaluation weight            5.00000E-01
             surface projection factor in ssh dynamics       0.00000E+00
             Stefan Boltzmann constant                       5.67051E-08
             Planck's second radiation constant              1.43877E-02
             Speed of light in vacuum                        2.99790E+08
             Permeability of vacuum                          1.25664E-06
             Permittivity of vacuum                          8.85419E-12
             maximum iterative displacement component        1.00000E+30
             initial stiffness to simulate sticking          0.00000E+00
             minimum angle between the normal vectors of 
             contacting segments                             1.20000E+02
             radiation reflection cut-off                    1.00000E-03
             angle for averaging adjacent beams (s2s)        1.60000E+02
             stabilizer stiffness for model sections         0.00000E+00

             maximum change in temperature per iteration     1.00000E+02
             maximum rbe3 conditioning number                0.10000E+07
             gasket initial stress stiffness factor          4.00000E-01

             end option                                                                                                                                                      
             ----------

             wall time =           0.00

             wall time =           0.00


             direct symmetric multi-frontal sparse solver is invoked for region   1


             number of element groups used:         1

                group     # elements     element type     material                             formulation

                   1           8           114                1                                    S
 
               formulation:
                     S:   small displacement
 

             Number of warning messages is 0


             maximum connectivity in stiffness matrix is          5 at node         11



             maximum half-bandwidth is         11  between nodes          1  and         11

             number of profile entries excluding fill-in is              59



             total workspace needed with in-core matrix storage =            7902
               part of solver workspace is allocated separately

             allocated         88 words of memory due to kinematic boundary conditions







             load increments for each degree of freedom
             summed over the whole model

             from distributed loads
             dist. loads on undeformed configuration - increments for dist. loads
             increments for point loads
             0.000000E+00   0.000000E+00


             point loads
             0.000000E+00   0.000000E+00


             increment zero is a null step


             total strain energy         is    0.00000E+00
               within which:
               elastic strain energy     is    0.00000E+00
             total ext-force work        is    0.00000E+00
               within which:
               work by appl. force/disp. is    0.00000E+00
               work by frictional forces is    0.00000E+00


             memory usage:                       MByte       words  % of total

              within general memory:           
               element stiffness matrices:           0        2902         0.0
               solver: first part                    0        1088         0.0
               overallocation initial allocation   107    27995966        79.9
               other:                                0        3908         0.0
              allocated separately:
               nodal vectors:                        0        2102         0.0
               defined sets:                         0         336         0.0
               transformations:                      0          72         0.0
               kinematic boundary conditions:        0        1064         0.0
               tables:                               0          86         0.0
               points, curves and surfaces:          0         200         0.0
               mem_none:                             0       25290         0.1
               element storage:                      0        1958         0.0
               material properties:                  0        4856         0.0
               executable and common blocks:        27     7000000        20.0
               miscellaneous                         0         242         0.0
               ---------------------------------------------------------------
               total:                              134    35040070

               general memory allocated:           107    28003864
               general memory used:                  0        7898

               peak memory usage:                  159    41557520

             e n d   o f   i n c r e m e n t       0

             binary post data at increment       0.  subincrement    0.  on file 16
             wall time =           0.00


             $...................                                                                                                                                            

             $....start of loadcase my_linear                                                                                                                                

             title               my_linear                                                                                                                                   
             ----------


             loadcase            my_linear                                                                                                                                   
             ----------


             activate boundary condition fixed

             activate boundary condition tip_load

             control             structural                                                                                                                                  
             ----------


             control information for region   1

             maximum number of increments      99999
             maximum number of recycles           10
             minimum number of recycles            0

             control of residual convergence:
               relative tolerance:              1.00000E-01
               cut-off value     :              0.00000E+00
               absolute tolerance:              0.00000E+00
               relative moment tolerance:       0.00000E+00
               moment cut-off value     :       0.00000E+00
               absolute moment tolerance:       0.00000E+00



             full newton-raphson technique chosen

             convergence testing is automatically switched between
             residual and displacement testing if reactions or displacements 
             become too small 

             control messages will be written to log file

             parameters                                                                                                                                                      
             ----------


             parameters set as follows 

             predictor used for stress-strain calculation    1.00000E+00
             penalty factor for boundary conditions          1.00000E+09
             penalty for incompressibility - r-p flow        1.00000E+02
             penalty for incompressibility - fluid flow      1.00000E+06
             beta parameter for Newmark operator             2.50000E-01
             gamma parameter for Newmark operator            5.00000E-01
             gamma1 parameter for Single-Step-Houbolt        1.50000E+00
             gamma parameter for Single-Step-Houbolt        -5.00000E-01
             sharp angle for sticking/separating - 2D        8.62500E+00
             sharp angle for sticking/separating - 3D        2.00000E+01
             initial strain rate for r-p flow                1.00000E-04
             lowest strain rate cut-off for r-p flow         1.00000E-06
             fraction of dilatational stress neglected       1.00000E+00
             factor for drilling d.o.f for shells            1.00000E-04
             factor for displacement after rezoning          1.00000E+00

             universal gas constant                          8.31400E+00
             absolute temperature offset                     2.73150E+02
             thermal properties evaluation weight            5.00000E-01
             surface projection factor in ssh dynamics       0.00000E+00
             Stefan Boltzmann constant                       5.67051E-08
             Planck's second radiation constant              1.43877E-02
             Speed of light in vacuum                        2.99790E+08
             Permeability of vacuum                          1.25664E-06
             Permittivity of vacuum                          8.85419E-12
             maximum iterative displacement component        1.00000E+30
             initial stiffness to simulate sticking          0.00000E+00
             minimum angle between the normal vectors of 
             contacting segments                             1.20000E+02
             radiation reflection cut-off                    1.00000E-03
             angle for averaging adjacent beams (s2s)        1.60000E+02
             stabilizer stiffness for model sections         0.00000E+00

             maximum change in temperature per iteration     1.00000E+02
             maximum rbe3 conditioning number                0.10000E+07
             gasket initial stress stiffness factor          4.00000E-01

             auto load                                                                                                                                                       
             ----------


             iotnum,incasm
                      1         0


             maximum number of time step cutback           10
             maximum number of forced remeshing             1
             cutback step for next forced remeshing         0

             time step                                                                                                                                                       
             ----------

             time increment =     1.00000E+00

             continue                                                                                                                                                        
             ----------



             equal load incs specified for       1 increments




             s t a r t   o f   i n c r e m e n t       1






             load increments for each degree of freedom
             summed over the whole model

             from distributed loads
             dist. loads on undeformed configuration - increments for dist. loads
             increments for point loads
             0.000000E+00   0.000000E+00


             point loads
             0.000000E+00  -6.000000E+03

             start of assembly     cycle number is     0
             wall time =           0.00




             solver workspace for phase1 (matrix input)    (64bit words) =             186 (      0.00 MByte)
             Metis nested dissection ordering used
             solver workspace for phase2 (nodal ordering)  (64bit words) =             902 (      0.01 MByte)
             solver workspace for phase3 (symbolic factor) (64bit words) =             837 (      0.01 MByte)
             solver workspace for phase4 (factorization)   (64bit words) =            2024 (      0.02 MByte) (MINIMUM)
             solver workspace for phase4 (factorization)   (64bit words) =            2322 (      0.02 MByte) (MAXIMUM)
             solver workspace available and used           (64bit words) =         1000000 (      7.63 MByte)


             start of matrix solution
             wall time =           0.00



             singularity ratio    8.4232E-06


             end of matrix solution
             wall time =           0.00



             element with highest stress relative to yield is          8
             where equivalent stress is 5.205E-17  of yield








             total transient time = 1.000000000000000E+00



   WINDOWS version
   Marc 2020
   output for increment       1. "          my_linear"


             total strain energy         is    7.80416E+01
               within which:
               elastic strain energy     is    7.80416E+01
             total ext-force work        is    2.98906E+05
               within which:
               work by appl. force/disp. is    2.98906E+05
               work by frictional forces is    0.00000E+00


             memory usage:                       MByte       words  % of total

              within general memory:           
               element stiffness matrices:           0        2902         0.0
               solver: first part                    0        1088         0.0
               overallocation initial allocation   107    27995966        75.6
               other:                                0        3908         0.0
              allocated separately:
               solver 8                              8     1999628         5.4
               nodal vectors:                        0        2102         0.0
               defined sets:                         0         336         0.0
               transformations:                      0          72         0.0
               kinematic boundary conditions:        0        1064         0.0
               tables:                               0          86         0.0
               points, curves and surfaces:          0         200         0.0
               mem_none:                             0       25970         0.1
               element storage:                      0        1958         0.0
               material properties:                  0        4856         0.0
               executable and common blocks:        27     7000000        18.9
               miscellaneous                         0         242         0.0
               ---------------------------------------------------------------
               total:                              141    37040378

               general memory allocated:           107    28003864
               general memory used:                  0        7898

               peak memory usage:                  159    41557520

             e n d   o f   i n c r e m e n t       1

             binary post data at increment       1.  subincrement    0.  on file 16
             wall time =           0.00


             $....end of loadcase my_linear                                                                                                                                  

             $...................                                                                                                                                            


                              *** end of input deck - job ends


             memory usage:                       MByte       words  % of total

              within general memory:           
               element stiffness matrices:           0        2902         0.0
               solver: first part                    0        1088         0.0
               overallocation initial allocation   107    27995966        75.6
               other:                                0        3908         0.0
              allocated separately:
               solver 8                              8     1999628         5.4
               nodal vectors:                        0        2102         0.0
               defined sets:                         0         336         0.0
               transformations:                      0          72         0.0
               kinematic boundary conditions:        0        1064         0.0
               tables:                               0          86         0.0
               points, curves and surfaces:          0         200         0.0
               mem_none:                             0       25970         0.1
               element storage:                      0        1958         0.0
               material properties:                  0        4856         0.0
               executable and common blocks:        27     7000000        18.9
               miscellaneous                         0         242         0.0
               ---------------------------------------------------------------
               total:                              141    37040378

               general memory allocated:           107    28003864
               general memory used:                  0        7898

               peak memory usage:                  159    41557520


             timing information:                             wall time      cpu time

               total time for input:                              0.01          0.00
               total time for stiffness matrix assembly:          0.00          0.00
               total time for mass matrix assembly:               0.00          0.00
               total time for stress recovery:                    0.00          0.00
               total time for matrix solution:                    0.01          0.00
               total time for output:                             0.00          0.00
               total time for miscellaneous:                      0.59          0.39
               ---------------------------------------------------------------------
               total time:                                        0.60          0.39


             **************************************************************************


             
             This is a successful completion to a Marc simulation,
             indicating that no additional incremental data was
             found and that the analysis is complete.
             




             **************************************************************************





                                        Marc 2020

                                        Number of warning messages is 0

                                        Exit number 3004
